{"C:\\Projetos\\Loop\\loop\\packages\\design-system\\src\\Button.tsx": {"path":"C:\\Projetos\\Loop\\loop\\packages\\design-system\\src\\Button.tsx","statementMap":{"0":{"start":{"line":1,"column":1},"end":{"line":1,"column":null}},"1":{"start":{"line":10,"column":20},"end":{"line":10,"column":null}},"2":{"start":{"line":12,"column":4},"end":{"line":14,"column":null}},"3":{"start":{"line":16,"column":2},"end":{"line":19,"column":null}}},"fnMap":{"0":{"name":"Button","decl":{"start":{"line":9,"column":16},"end":{"line":9,"column":23}},"loc":{"start":{"line":9,"column":81},"end":{"line":21,"column":null}},"line":9}},"branchMap":{"0":{"loc":{"start":{"line":9,"column":35},"end":{"line":9,"column":56}},"type":"default-arg","locations":[{"start":{"line":9,"column":45},"end":{"line":9,"column":56}}],"line":9},"1":{"loc":{"start":{"line":12,"column":4},"end":{"line":14,"column":null}},"type":"cond-expr","locations":[{"start":{"line":13,"column":8},"end":{"line":13,"column":null}},{"start":{"line":14,"column":8},"end":{"line":14,"column":null}}],"line":12}},"s":{"0":1,"1":5,"2":5,"3":5},"f":{"0":5},"b":{"0":[5],"1":[4,1]},"meta":{"lastBranch":2,"lastFunction":1,"lastStatement":4,"seen":{"s:1:1:1:Infinity":0,"f:9:16:9:23":0,"b:9:45:9:56":0,"s:10:20:10:Infinity":1,"s:12:4:14:Infinity":2,"b:13:8:13:Infinity:14:8:14:Infinity":1,"s:16:2:19:Infinity":3},"fnNames":{}}}
,"C:\\Projetos\\Loop\\loop\\packages\\design-system\\src\\Card.tsx": {"path":"C:\\Projetos\\Loop\\loop\\packages\\design-system\\src\\Card.tsx","statementMap":{"0":{"start":{"line":9,"column":2},"end":{"line":13,"column":null}}},"fnMap":{"0":{"name":"Card","decl":{"start":{"line":8,"column":16},"end":{"line":8,"column":21}},"loc":{"start":{"line":8,"column":53},"end":{"line":15,"column":null}},"line":8}},"branchMap":{"0":{"loc":{"start":{"line":11,"column":7},"end":{"line":12,"column":null}},"type":"binary-expr","locations":[{"start":{"line":11,"column":7},"end":{"line":11,"column":16}},{"start":{"line":11,"column":16},"end":{"line":12,"column":null}}],"line":11}},"s":{"0":5},"f":{"0":5},"b":{"0":[5,4]},"meta":{"lastBranch":1,"lastFunction":1,"lastStatement":1,"seen":{"f:8:16:8:21":0,"s:9:2:13:Infinity":0,"b:11:7:11:16:11:16:12:Infinity":0},"fnNames":{}}}
,"C:\\Projetos\\Loop\\loop\\packages\\design-system\\src\\Input.tsx": {"path":"C:\\Projetos\\Loop\\loop\\packages\\design-system\\src\\Input.tsx","statementMap":{"0":{"start":{"line":1,"column":1},"end":{"line":1,"column":null}},"1":{"start":{"line":10,"column":2},"end":{"line":22,"column":null}}},"fnMap":{"0":{"name":"Input","decl":{"start":{"line":9,"column":16},"end":{"line":9,"column":22}},"loc":{"start":{"line":9,"column":59},"end":{"line":24,"column":null}},"line":9}},"branchMap":{"0":{"loc":{"start":{"line":12,"column":7},"end":{"line":17,"column":7}},"type":"binary-expr","locations":[{"start":{"line":12,"column":7},"end":{"line":12,"column":null}},{"start":{"line":13,"column":8},"end":{"line":17,"column":7}}],"line":12}},"s":{"0":1,"1":6},"f":{"0":6},"b":{"0":[6,5]},"meta":{"lastBranch":1,"lastFunction":1,"lastStatement":2,"seen":{"s:1:1:1:Infinity":0,"f:9:16:9:22":0,"s:10:2:22:Infinity":1,"b:12:7:12:Infinity:13:8:17:7":0},"fnNames":{}}}
}
